This is e-pTeX, Version 3.14159265-p3.7.1-161114-2.6 (utf8.euc) (TeX Live 2017/Debian) (preloaded format=platex 2018.10.29)  7 FEB 2020 16:52
entering extended mode
 restricted \write18 enabled.
 %&-line parsing enabled.
**report.tex
(./report.tex
pLaTeX2e <2017/10/28>+4 (based on LaTeX2e <2017-04-15>)
Babel <3.18> and hyphenation patterns for 26 language(s) loaded.
(/usr/share/texlive/texmf-dist/tex/latex/base/article.cls
Document Class: article 2014/09/29 v1.4h Standard LaTeX document class
(/usr/share/texlive/texmf-dist/tex/latex/base/size11.clo
File: size11.clo 2014/09/29 v1.4h Standard LaTeX file (size option)
)
\c@part=\count82
\c@section=\count83
\c@subsection=\count84
\c@subsubsection=\count85
\c@paragraph=\count86
\c@subparagraph=\count87
\c@figure=\count88
\c@table=\count89
\abovecaptionskip=\skip41
\belowcaptionskip=\skip42
\bibindent=\dimen118
)
(/usr/share/texlive/texmf-dist/tex/latex/graphics/graphicx.sty
Package: graphicx 2017/06/01 v1.1a Enhanced LaTeX Graphics (DPC,SPQR)

(/usr/share/texlive/texmf-dist/tex/latex/graphics/keyval.sty
Package: keyval 2014/10/28 v1.15 key=value parser (DPC)
\KV@toks@=\toks15
)
(/usr/share/texlive/texmf-dist/tex/latex/graphics/graphics.sty
Package: graphics 2017/06/25 v1.2c Standard LaTeX Graphics (DPC,SPQR)

(/usr/share/texlive/texmf-dist/tex/latex/graphics/trig.sty
Package: trig 2016/01/03 v1.10 sin cos tan (DPC)
)
(/usr/share/texlive/texmf-dist/tex/latex/graphics-cfg/graphics.cfg
File: graphics.cfg 2016/06/04 v1.11 sample graphics configuration
)
Package graphics Info: Driver file: dvipdfmx.def on input line 99.

(/usr/share/texlive/texmf-dist/tex/latex/graphics-def/dvipdfmx.def
File: dvipdfmx.def 2017/06/24 v5.0g Graphics/color driver for dvipdfmx
))
\Gin@req@height=\dimen119
\Gin@req@width=\dimen120
)
(/usr/share/texlive/texmf-dist/tex/latex/graphics/color.sty
Package: color 2016/07/10 v1.1e Standard LaTeX Color (DPC)

(/usr/share/texlive/texmf-dist/tex/latex/graphics-cfg/color.cfg
File: color.cfg 2016/01/02 v1.6 sample color configuration
)
Package color Info: Driver file: dvipdfmx.def on input line 147.

(/usr/share/texlive/texmf-dist/tex/latex/graphics/dvipsnam.def
File: dvipsnam.def 2016/06/17 v3.0m Driver-dependent file (DPC,SPQR)
))
(/usr/share/texlive/texmf-dist/tex/latex/wrapfig/wrapfig.sty
\wrapoverhang=\dimen121
\WF@size=\dimen122
\c@WF@wrappedlines=\count90
\WF@box=\box42
\WF@everypar=\toks16
Package: wrapfig 2003/01/31  v 3.6
)
\minitwocolumn=\skip43


LaTeX Warning: Unused global option(s):
    [a4j].

(./report.aux

LaTeX Warning: Label `eqn:' multiply defined.


LaTeX Warning: Label `eqn:' multiply defined.


LaTeX Warning: Label `eqn:' multiply defined.


LaTeX Warning: Label `eqn:' multiply defined.


LaTeX Warning: Label `eqn:' multiply defined.

)
\openout1 = `report.aux'.

LaTeX Font Info:    Checking defaults for OML/cmm/m/it on input line 15.
LaTeX Font Info:    ... okay on input line 15.
LaTeX Font Info:    Checking defaults for T1/cmr/m/n on input line 15.
LaTeX Font Info:    ... okay on input line 15.
LaTeX Font Info:    Checking defaults for OT1/cmr/m/n on input line 15.
LaTeX Font Info:    ... okay on input line 15.
LaTeX Font Info:    Checking defaults for OMS/cmsy/m/n on input line 15.
LaTeX Font Info:    ... okay on input line 15.
LaTeX Font Info:    Checking defaults for OMX/cmex/m/n on input line 15.
LaTeX Font Info:    ... okay on input line 15.
LaTeX Font Info:    Checking defaults for U/cmr/m/n on input line 15.
LaTeX Font Info:    ... okay on input line 15.
LaTeX Font Info:    Checking defaults for JY1/mc/m/n on input line 15.
LaTeX Font Info:    ... okay on input line 15.
LaTeX Font Info:    Checking defaults for JT1/mc/m/n on input line 15.
LaTeX Font Info:    ... okay on input line 15.
LaTeX Font Info:    Font shape `JT1/mc/bx/n' in size <14.4> not available
(Font)              Font shape `JT1/gt/m/n' tried instead on input line 45.
LaTeX Font Info:    Font shape `JY1/mc/bx/n' in size <14.4> not available
(Font)              Font shape `JY1/gt/m/n' tried instead on input line 45.
LaTeX Font Info:    External font `cmex10' loaded for size
(Font)              <10.95> on input line 56.
LaTeX Font Info:    External font `cmex10' loaded for size
(Font)              <8> on input line 56.
LaTeX Font Info:    External font `cmex10' loaded for size
(Font)              <6> on input line 56.


LaTeX Font Warning: Font shape `JT1/mc/m/it' undefined
(Font)              using `JT1/mc/m/n' instead on input line 103.


LaTeX Font Warning: Font shape `JY1/mc/m/it' undefined
(Font)              using `JY1/mc/m/n' instead on input line 103.

[1

]
LaTeX Font Info:    Font shape `JT1/mc/bx/n' in size <12> not available
(Font)              Font shape `JT1/gt/m/n' tried instead on input line 221.
LaTeX Font Info:    Font shape `JY1/mc/bx/n' in size <12> not available
(Font)              Font shape `JY1/gt/m/n' tried instead on input line 221.
 [2] [3] (./report.aux)

LaTeX Font Warning: Some font shapes were not available, defaults substituted.


LaTeX Warning: There were multiply-defined labels.

 ) 
Here is how much of TeX's memory you used:
 905 strings out of 494735
 11761 string characters out of 6176125
 71282 words of memory out of 5000000
 4443 multiletter control sequences out of 15000+600000
 15965 words of font info for 60 fonts, out of 8000000 for 9000
 264 hyphenation exceptions out of 8191
 25i,7n,21p,203b,180s stack positions out of 5000i,500n,10000p,200000b,80000s

Output written on report.dvi (3 pages, 14056 bytes).
